<?xml version="1.0" encoding="UTF-8"?>
<testsuite name="com.myeonghun.project.springboot.web.PostsApiControllerTest" tests="2" skipped="0" failures="0" errors="0" timestamp="2021-01-26T15:10:23" hostname="DESKTOP-FF1VHSH" time="0.083">
  <properties/>
  <testcase name="Posts_등록된다" classname="com.myeonghun.project.springboot.web.PostsApiControllerTest" time="0.057"/>
  <testcase name="Posts_수정된다" classname="com.myeonghun.project.springboot.web.PostsApiControllerTest" time="0.026"/>
  <system-out><![CDATA[2021-01-27 00:10:23.207  INFO 40164 --- [    Test worker] .b.t.c.SpringBootTestContextBootstrapper : Neither @ContextConfiguration nor @ContextHierarchy found for test class [com.myeonghun.project.springboot.web.PostsApiControllerTest], using SpringBootContextLoader
2021-01-27 00:10:23.208  INFO 40164 --- [    Test worker] o.s.t.c.support.AbstractContextLoader    : Could not detect default resource locations for test class [com.myeonghun.project.springboot.web.PostsApiControllerTest]: no resource found for suffixes {-context.xml, Context.groovy}.
2021-01-27 00:10:23.208  INFO 40164 --- [    Test worker] t.c.s.AnnotationConfigContextLoaderUtils : Could not detect default configuration classes for test class [com.myeonghun.project.springboot.web.PostsApiControllerTest]: PostsApiControllerTest does not declare any static, non-private, non-final, nested classes annotated with @Configuration.
2021-01-27 00:10:23.209  INFO 40164 --- [    Test worker] .b.t.c.SpringBootTestContextBootstrapper : Found @SpringBootConfiguration com.myeonghun.project.springboot.Application for test class com.myeonghun.project.springboot.web.PostsApiControllerTest
2021-01-27 00:10:23.210  INFO 40164 --- [    Test worker] .b.t.c.SpringBootTestContextBootstrapper : Loaded default TestExecutionListener class names from location [META-INF/spring.factories]: [org.springframework.security.test.context.support.WithSecurityContextTestExecutionListener, org.springframework.security.test.context.support.ReactorContextTestExecutionListener, org.springframework.boot.test.autoconfigure.restdocs.RestDocsTestExecutionListener, org.springframework.boot.test.autoconfigure.web.client.MockRestServiceServerResetTestExecutionListener, org.springframework.boot.test.autoconfigure.web.servlet.MockMvcPrintOnlyOnFailureTestExecutionListener, org.springframework.boot.test.autoconfigure.web.servlet.WebDriverTestExecutionListener, org.springframework.boot.test.mock.mockito.MockitoTestExecutionListener, org.springframework.boot.test.mock.mockito.ResetMocksTestExecutionListener, org.springframework.test.context.web.ServletTestExecutionListener, org.springframework.test.context.support.DirtiesContextBeforeModesTestExecutionListener, org.springframework.test.context.support.DependencyInjectionTestExecutionListener, org.springframework.test.context.support.DirtiesContextTestExecutionListener, org.springframework.test.context.transaction.TransactionalTestExecutionListener, org.springframework.test.context.jdbc.SqlScriptsTestExecutionListener]
2021-01-27 00:10:23.211  INFO 40164 --- [    Test worker] .b.t.c.SpringBootTestContextBootstrapper : Using TestExecutionListeners: [org.springframework.test.context.web.ServletTestExecutionListener@65eb8557, org.springframework.test.context.support.DirtiesContextBeforeModesTestExecutionListener@4d549d, org.springframework.boot.test.mock.mockito.MockitoTestExecutionListener@8fae985, org.springframework.boot.test.autoconfigure.SpringBootDependencyInjectionTestExecutionListener@62027dbb, org.springframework.test.context.support.DirtiesContextTestExecutionListener@5b7a9d91, org.springframework.test.context.transaction.TransactionalTestExecutionListener@31f9c3df, org.springframework.test.context.jdbc.SqlScriptsTestExecutionListener@6e90b2a4, org.springframework.security.test.context.support.WithSecurityContextTestExecutionListener@1f8ee568, org.springframework.security.test.context.support.ReactorContextTestExecutionListener@1097651d, org.springframework.boot.test.autoconfigure.restdocs.RestDocsTestExecutionListener@6f8fabeb, org.springframework.boot.test.autoconfigure.web.client.MockRestServiceServerResetTestExecutionListener@4e1312c, org.springframework.boot.test.autoconfigure.web.servlet.MockMvcPrintOnlyOnFailureTestExecutionListener@6c2c317d, org.springframework.boot.test.autoconfigure.web.servlet.WebDriverTestExecutionListener@47b80e68, org.springframework.boot.test.mock.mockito.ResetMocksTestExecutionListener@557a2587]
2021-01-27 00:10:23.217  INFO 40164 --- [    Test worker] o.a.c.c.C.[Tomcat].[localhost].[/]       : Initializing Spring TestDispatcherServlet ''
2021-01-27 00:10:23.218  INFO 40164 --- [    Test worker] o.s.t.web.servlet.TestDispatcherServlet  : Initializing Servlet ''
2021-01-27 00:10:23.220  INFO 40164 --- [    Test worker] o.s.t.web.servlet.TestDispatcherServlet  : Completed initialization in 2 ms
Hibernate: insert into posts (created_date, modified_date, author, content, title) values (?, ?, ?, ?, ?)
Hibernate: select posts0_.id as id1_0_, posts0_.created_date as created_2_0_, posts0_.modified_date as modified3_0_, posts0_.author as author4_0_, posts0_.content as content5_0_, posts0_.title as title6_0_ from posts posts0_
Hibernate: select posts0_.id as id1_0_, posts0_.created_date as created_2_0_, posts0_.modified_date as modified3_0_, posts0_.author as author4_0_, posts0_.content as content5_0_, posts0_.title as title6_0_ from posts posts0_
Hibernate: delete from posts where id=?
2021-01-27 00:10:23.273  INFO 40164 --- [    Test worker] o.a.c.c.C.[Tomcat].[localhost].[/]       : Initializing Spring TestDispatcherServlet ''
2021-01-27 00:10:23.273  INFO 40164 --- [    Test worker] o.s.t.web.servlet.TestDispatcherServlet  : Initializing Servlet ''
2021-01-27 00:10:23.275  INFO 40164 --- [    Test worker] o.s.t.web.servlet.TestDispatcherServlet  : Completed initialization in 2 ms
Hibernate: insert into posts (created_date, modified_date, author, content, title) values (?, ?, ?, ?, ?)
Hibernate: select posts0_.id as id1_0_0_, posts0_.created_date as created_2_0_0_, posts0_.modified_date as modified3_0_0_, posts0_.author as author4_0_0_, posts0_.content as content5_0_0_, posts0_.title as title6_0_0_ from posts posts0_ where posts0_.id=?
Hibernate: update posts set created_date=?, modified_date=?, author=?, content=?, title=? where id=?
Hibernate: select posts0_.id as id1_0_, posts0_.created_date as created_2_0_, posts0_.modified_date as modified3_0_, posts0_.author as author4_0_, posts0_.content as content5_0_, posts0_.title as title6_0_ from posts posts0_
Hibernate: select posts0_.id as id1_0_, posts0_.created_date as created_2_0_, posts0_.modified_date as modified3_0_, posts0_.author as author4_0_, posts0_.content as content5_0_, posts0_.title as title6_0_ from posts posts0_
Hibernate: delete from posts where id=?
]]></system-out>
  <system-err><![CDATA[]]></system-err>
</testsuite>
