<?xml version="1.0" encoding="UTF-8"?>
<testsuite name="com.myeonghun.project.springboot.web.IndexControllerTest" tests="1" skipped="0" failures="0" errors="0" timestamp="2021-01-26T15:10:23" hostname="DESKTOP-FF1VHSH" time="0.166">
  <properties/>
  <testcase name="메인페이지_로딩" classname="com.myeonghun.project.springboot.web.IndexControllerTest" time="0.166"/>
  <system-out><![CDATA[2021-01-27 00:10:21.108  INFO 40164 --- [    Test worker] .b.t.c.SpringBootTestContextBootstrapper : Neither @ContextConfiguration nor @ContextHierarchy found for test class [com.myeonghun.project.springboot.web.IndexControllerTest], using SpringBootContextLoader
2021-01-27 00:10:21.109  INFO 40164 --- [    Test worker] o.s.t.c.support.AbstractContextLoader    : Could not detect default resource locations for test class [com.myeonghun.project.springboot.web.IndexControllerTest]: no resource found for suffixes {-context.xml, Context.groovy}.
2021-01-27 00:10:21.109  INFO 40164 --- [    Test worker] t.c.s.AnnotationConfigContextLoaderUtils : Could not detect default configuration classes for test class [com.myeonghun.project.springboot.web.IndexControllerTest]: IndexControllerTest does not declare any static, non-private, non-final, nested classes annotated with @Configuration.
2021-01-27 00:10:21.110  INFO 40164 --- [    Test worker] .b.t.c.SpringBootTestContextBootstrapper : Found @SpringBootConfiguration com.myeonghun.project.springboot.Application for test class com.myeonghun.project.springboot.web.IndexControllerTest
2021-01-27 00:10:21.111  INFO 40164 --- [    Test worker] .b.t.c.SpringBootTestContextBootstrapper : Loaded default TestExecutionListener class names from location [META-INF/spring.factories]: [org.springframework.security.test.context.support.WithSecurityContextTestExecutionListener, org.springframework.security.test.context.support.ReactorContextTestExecutionListener, org.springframework.boot.test.autoconfigure.restdocs.RestDocsTestExecutionListener, org.springframework.boot.test.autoconfigure.web.client.MockRestServiceServerResetTestExecutionListener, org.springframework.boot.test.autoconfigure.web.servlet.MockMvcPrintOnlyOnFailureTestExecutionListener, org.springframework.boot.test.autoconfigure.web.servlet.WebDriverTestExecutionListener, org.springframework.boot.test.mock.mockito.MockitoTestExecutionListener, org.springframework.boot.test.mock.mockito.ResetMocksTestExecutionListener, org.springframework.test.context.web.ServletTestExecutionListener, org.springframework.test.context.support.DirtiesContextBeforeModesTestExecutionListener, org.springframework.test.context.support.DependencyInjectionTestExecutionListener, org.springframework.test.context.support.DirtiesContextTestExecutionListener, org.springframework.test.context.transaction.TransactionalTestExecutionListener, org.springframework.test.context.jdbc.SqlScriptsTestExecutionListener]
2021-01-27 00:10:21.112  INFO 40164 --- [    Test worker] .b.t.c.SpringBootTestContextBootstrapper : Using TestExecutionListeners: [org.springframework.test.context.web.ServletTestExecutionListener@f21bd27, org.springframework.test.context.support.DirtiesContextBeforeModesTestExecutionListener@4abd2836, org.springframework.boot.test.mock.mockito.MockitoTestExecutionListener@4aad7254, org.springframework.boot.test.autoconfigure.SpringBootDependencyInjectionTestExecutionListener@5a1bc8e2, org.springframework.test.context.support.DirtiesContextTestExecutionListener@58d19e03, org.springframework.test.context.transaction.TransactionalTestExecutionListener@7b0ee1b7, org.springframework.test.context.jdbc.SqlScriptsTestExecutionListener@5a901350, org.springframework.security.test.context.support.WithSecurityContextTestExecutionListener@5ec89c38, org.springframework.security.test.context.support.ReactorContextTestExecutionListener@abd3064, org.springframework.boot.test.autoconfigure.restdocs.RestDocsTestExecutionListener@6326bdd, org.springframework.boot.test.autoconfigure.web.client.MockRestServiceServerResetTestExecutionListener@5ce2e2d8, org.springframework.boot.test.autoconfigure.web.servlet.MockMvcPrintOnlyOnFailureTestExecutionListener@46d19c20, org.springframework.boot.test.autoconfigure.web.servlet.WebDriverTestExecutionListener@250cba8e, org.springframework.boot.test.mock.mockito.ResetMocksTestExecutionListener@30754171]

  .   ____          _            __ _ _
 /\\ / ___'_ __ _ _(_)_ __  __ _ \ \ \ \
( ( )\___ | '_ | '_| | '_ \/ _` | \ \ \ \
 \\/  ___)| |_)| | | | | || (_| |  ) ) ) )
  '  |____| .__|_| |_|_| |_\__, | / / / /
 =========|_|==============|___/=/_/_/_/
 :: Spring Boot ::        (v2.1.7.RELEASE)

2021-01-27 00:10:21.138  INFO 40164 --- [    Test worker] c.m.p.s.web.IndexControllerTest          : Starting IndexControllerTest on DESKTOP-FF1VHSH with PID 40164 (started by terry in C:\Users\terry\IdeaProjects\aws.sample.project)
2021-01-27 00:10:21.138  INFO 40164 --- [    Test worker] c.m.p.s.web.IndexControllerTest          : No active profile set, falling back to default profiles: default
2021-01-27 00:10:21.341  INFO 40164 --- [    Test worker] .s.d.r.c.RepositoryConfigurationDelegate : Bootstrapping Spring Data repositories in DEFAULT mode.
2021-01-27 00:10:21.365  INFO 40164 --- [    Test worker] .s.d.r.c.RepositoryConfigurationDelegate : Finished Spring Data repository scanning in 24ms. Found 2 repository interfaces.
2021-01-27 00:10:21.460  INFO 40164 --- [    Test worker] trationDelegate$BeanPostProcessorChecker : Bean 'org.springframework.transaction.annotation.ProxyTransactionManagementConfiguration' of type [org.springframework.transaction.annotation.ProxyTransactionManagementConfiguration$$EnhancerBySpringCGLIB$$fcb54678] is not eligible for getting processed by all BeanPostProcessors (for example: not eligible for auto-proxying)
2021-01-27 00:10:21.688  INFO 40164 --- [    Test worker] o.s.b.w.embedded.tomcat.TomcatWebServer  : Tomcat initialized with port(s): 0 (http)
2021-01-27 00:10:21.721  INFO 40164 --- [    Test worker] o.apache.catalina.core.StandardService   : Starting service [Tomcat]
2021-01-27 00:10:21.721  INFO 40164 --- [    Test worker] org.apache.catalina.core.StandardEngine  : Starting Servlet engine: [Apache Tomcat/9.0.22]
2021-01-27 00:10:21.902  INFO 40164 --- [    Test worker] o.a.c.c.C.[Tomcat].[localhost].[/]       : Initializing Spring embedded WebApplicationContext
2021-01-27 00:10:21.902  INFO 40164 --- [    Test worker] o.s.web.context.ContextLoader            : Root WebApplicationContext: initialization completed in 762 ms
2021-01-27 00:10:22.079  INFO 40164 --- [    Test worker] com.zaxxer.hikari.HikariDataSource       : HikariPool-2 - Starting...
2021-01-27 00:10:22.081  INFO 40164 --- [    Test worker] com.zaxxer.hikari.HikariDataSource       : HikariPool-2 - Start completed.
2021-01-27 00:10:22.119  INFO 40164 --- [    Test worker] o.hibernate.jpa.internal.util.LogHelper  : HHH000204: Processing PersistenceUnitInfo [
	name: default
	...]
2021-01-27 00:10:22.129  INFO 40164 --- [    Test worker] org.hibernate.dialect.Dialect            : HHH000400: Using dialect: org.hibernate.dialect.MySQL5InnoDBDialect
Hibernate: drop table if exists posts
Hibernate: drop table if exists user
Hibernate: create table posts (id bigint not null auto_increment, created_date datetime, modified_date datetime, author varchar(255), content Text not null, title varchar(500) not null, primary key (id)) engine=InnoDB
Hibernate: create table user (id bigint not null auto_increment, created_date datetime, modified_date datetime, email varchar(255) not null, name varchar(255) not null, picture varchar(255), role varchar(255) not null, primary key (id)) engine=InnoDB
2021-01-27 00:10:22.180  INFO 40164 --- [    Test worker] o.h.t.schema.internal.SchemaCreatorImpl  : HHH000476: Executing import script 'org.hibernate.tool.schema.internal.exec.ScriptSourceInputNonExistentImpl@2a9b62f2'
2021-01-27 00:10:22.181  INFO 40164 --- [    Test worker] j.LocalContainerEntityManagerFactoryBean : Initialized JPA EntityManagerFactory for persistence unit 'default'
2021-01-27 00:10:22.475  INFO 40164 --- [    Test worker] o.h.h.i.QueryTranslatorFactoryInitiator  : HHH000397: Using ASTQueryTranslatorFactory
2021-01-27 00:10:22.600  INFO 40164 --- [    Test worker] o.s.s.web.DefaultSecurityFilterChain     : Creating filter chain: any request, [org.springframework.security.web.context.request.async.WebAsyncManagerIntegrationFilter@748c4c2, org.springframework.security.web.context.SecurityContextPersistenceFilter@73c64281, org.springframework.security.web.header.HeaderWriterFilter@5c12bcd4, org.springframework.security.web.authentication.logout.LogoutFilter@16f95716, org.springframework.security.oauth2.client.web.OAuth2AuthorizationRequestRedirectFilter@2dbce9fe, org.springframework.security.oauth2.client.web.OAuth2LoginAuthenticationFilter@684384b5, org.springframework.security.web.authentication.ui.DefaultLoginPageGeneratingFilter@57ead520, org.springframework.security.web.authentication.ui.DefaultLogoutPageGeneratingFilter@8c3112, org.springframework.security.web.savedrequest.RequestCacheAwareFilter@658260c, org.springframework.security.web.servletapi.SecurityContextHolderAwareRequestFilter@4f65ce0f, org.springframework.security.web.authentication.AnonymousAuthenticationFilter@4ab5cbe4, org.springframework.security.web.session.SessionManagementFilter@71bd2556, org.springframework.security.web.access.ExceptionTranslationFilter@54e431e4, org.springframework.security.web.access.intercept.FilterSecurityInterceptor@1933de1f]
2021-01-27 00:10:22.768  INFO 40164 --- [    Test worker] o.s.s.concurrent.ThreadPoolTaskExecutor  : Initializing ExecutorService 'applicationTaskExecutor'
2021-01-27 00:10:22.779  WARN 40164 --- [    Test worker] aWebConfiguration$JpaWebMvcConfiguration : spring.jpa.open-in-view is enabled by default. Therefore, database queries may be performed during view rendering. Explicitly configure spring.jpa.open-in-view to disable this warning
2021-01-27 00:10:22.803  INFO 40164 --- [    Test worker] o.s.b.a.w.s.WelcomePageHandlerMapping    : Adding welcome page template: index
2021-01-27 00:10:23.016  INFO 40164 --- [    Test worker] s.a.ScheduledAnnotationBeanPostProcessor : No TaskScheduler/ScheduledExecutorService bean found for scheduled processing
2021-01-27 00:10:23.034  INFO 40164 --- [    Test worker] o.s.b.w.embedded.tomcat.TomcatWebServer  : Tomcat started on port(s): 50031 (http) with context path ''
2021-01-27 00:10:23.035  INFO 40164 --- [    Test worker] c.m.p.s.web.IndexControllerTest          : Started IndexControllerTest in 1.922 seconds (JVM running for 9.98)
2021-01-27 00:10:23.121  INFO 40164 --- [o-auto-1-exec-1] o.a.c.c.C.[Tomcat].[localhost].[/]       : Initializing Spring DispatcherServlet 'dispatcherServlet'
2021-01-27 00:10:23.122  INFO 40164 --- [o-auto-1-exec-1] o.s.web.servlet.DispatcherServlet        : Initializing Servlet 'dispatcherServlet'
2021-01-27 00:10:23.138  INFO 40164 --- [o-auto-1-exec-1] o.s.web.servlet.DispatcherServlet        : Completed initialization in 16 ms
Hibernate: select posts0_.id as id1_0_, posts0_.created_date as created_2_0_, posts0_.modified_date as modified3_0_, posts0_.author as author4_0_, posts0_.content as content5_0_, posts0_.title as title6_0_ from posts posts0_ order by posts0_.id DESC
]]></system-out>
  <system-err><![CDATA[]]></system-err>
</testsuite>
