<?xml version="1.0" encoding="UTF-8"?>
<testsuite name="com.myeonghun.project.springboot.web.HelloControllerTest" tests="2" skipped="0" failures="0" errors="0" timestamp="2021-01-26T15:10:16" hostname="DESKTOP-FF1VHSH" time="0.465">
  <properties/>
  <testcase name="hello가_리턴된다" classname="com.myeonghun.project.springboot.web.HelloControllerTest" time="0.402"/>
  <testcase name="helloDto가_리턴된다" classname="com.myeonghun.project.springboot.web.HelloControllerTest" time="0.063"/>
  <system-out><![CDATA[00:10:13.796 [Test worker] DEBUG org.springframework.test.context.junit4.SpringJUnit4ClassRunner - SpringJUnit4ClassRunner constructor called with [class com.myeonghun.project.springboot.web.HelloControllerTest]
00:10:13.804 [Test worker] DEBUG org.springframework.test.context.BootstrapUtils - Instantiating CacheAwareContextLoaderDelegate from class [org.springframework.test.context.cache.DefaultCacheAwareContextLoaderDelegate]
00:10:13.813 [Test worker] DEBUG org.springframework.test.context.BootstrapUtils - Instantiating BootstrapContext using constructor [public org.springframework.test.context.support.DefaultBootstrapContext(java.lang.Class,org.springframework.test.context.CacheAwareContextLoaderDelegate)]
00:10:13.828 [Test worker] DEBUG org.springframework.test.context.BootstrapUtils - Instantiating TestContextBootstrapper for test class [com.myeonghun.project.springboot.web.HelloControllerTest] from class [org.springframework.boot.test.autoconfigure.web.servlet.WebMvcTestContextBootstrapper]
00:10:13.846 [Test worker] INFO org.springframework.boot.test.autoconfigure.web.servlet.WebMvcTestContextBootstrapper - Neither @ContextConfiguration nor @ContextHierarchy found for test class [com.myeonghun.project.springboot.web.HelloControllerTest], using SpringBootContextLoader
00:10:13.851 [Test worker] DEBUG org.springframework.test.context.support.AbstractContextLoader - Did not detect default resource location for test class [com.myeonghun.project.springboot.web.HelloControllerTest]: class path resource [com/myeonghun/project/springboot/web/HelloControllerTest-context.xml] does not exist
00:10:13.851 [Test worker] DEBUG org.springframework.test.context.support.AbstractContextLoader - Did not detect default resource location for test class [com.myeonghun.project.springboot.web.HelloControllerTest]: class path resource [com/myeonghun/project/springboot/web/HelloControllerTestContext.groovy] does not exist
00:10:13.852 [Test worker] INFO org.springframework.test.context.support.AbstractContextLoader - Could not detect default resource locations for test class [com.myeonghun.project.springboot.web.HelloControllerTest]: no resource found for suffixes {-context.xml, Context.groovy}.
00:10:13.852 [Test worker] INFO org.springframework.test.context.support.AnnotationConfigContextLoaderUtils - Could not detect default configuration classes for test class [com.myeonghun.project.springboot.web.HelloControllerTest]: HelloControllerTest does not declare any static, non-private, non-final, nested classes annotated with @Configuration.
00:10:13.913 [Test worker] DEBUG org.springframework.test.context.support.ActiveProfilesUtils - Could not find an 'annotation declaring class' for annotation type [org.springframework.test.context.ActiveProfiles] and class [com.myeonghun.project.springboot.web.HelloControllerTest]
00:10:13.981 [Test worker] DEBUG org.springframework.context.annotation.ClassPathScanningCandidateComponentProvider - Identified candidate component class: file [C:\Users\terry\IdeaProjects\aws.sample.project\build\classes\java\main\com\myeonghun\project\springboot\Application.class]
00:10:13.982 [Test worker] INFO org.springframework.boot.test.context.SpringBootTestContextBootstrapper - Found @SpringBootConfiguration com.myeonghun.project.springboot.Application for test class com.myeonghun.project.springboot.web.HelloControllerTest
00:10:13.984 [Test worker] DEBUG org.springframework.boot.test.autoconfigure.web.servlet.WebMvcTestContextBootstrapper - @TestExecutionListeners is not present for class [com.myeonghun.project.springboot.web.HelloControllerTest]: using defaults.
00:10:13.985 [Test worker] INFO org.springframework.boot.test.autoconfigure.web.servlet.WebMvcTestContextBootstrapper - Loaded default TestExecutionListener class names from location [META-INF/spring.factories]: [org.springframework.security.test.context.support.WithSecurityContextTestExecutionListener, org.springframework.security.test.context.support.ReactorContextTestExecutionListener, org.springframework.boot.test.autoconfigure.restdocs.RestDocsTestExecutionListener, org.springframework.boot.test.autoconfigure.web.client.MockRestServiceServerResetTestExecutionListener, org.springframework.boot.test.autoconfigure.web.servlet.MockMvcPrintOnlyOnFailureTestExecutionListener, org.springframework.boot.test.autoconfigure.web.servlet.WebDriverTestExecutionListener, org.springframework.boot.test.mock.mockito.MockitoTestExecutionListener, org.springframework.boot.test.mock.mockito.ResetMocksTestExecutionListener, org.springframework.test.context.web.ServletTestExecutionListener, org.springframework.test.context.support.DirtiesContextBeforeModesTestExecutionListener, org.springframework.test.context.support.DependencyInjectionTestExecutionListener, org.springframework.test.context.support.DirtiesContextTestExecutionListener, org.springframework.test.context.transaction.TransactionalTestExecutionListener, org.springframework.test.context.jdbc.SqlScriptsTestExecutionListener]
00:10:14.004 [Test worker] INFO org.springframework.boot.test.autoconfigure.web.servlet.WebMvcTestContextBootstrapper - Using TestExecutionListeners: [org.springframework.test.context.web.ServletTestExecutionListener@2faa2f91, org.springframework.test.context.support.DirtiesContextBeforeModesTestExecutionListener@70b208e, org.springframework.boot.test.mock.mockito.MockitoTestExecutionListener@c51cfa1, org.springframework.boot.test.autoconfigure.SpringBootDependencyInjectionTestExecutionListener@7a3b1177, org.springframework.test.context.support.DirtiesContextTestExecutionListener@4136f06, org.springframework.test.context.transaction.TransactionalTestExecutionListener@5ac2205a, org.springframework.test.context.jdbc.SqlScriptsTestExecutionListener@586cc064, org.springframework.security.test.context.support.WithSecurityContextTestExecutionListener@7a7ec2b7, org.springframework.security.test.context.support.ReactorContextTestExecutionListener@650af9a1, org.springframework.boot.test.autoconfigure.restdocs.RestDocsTestExecutionListener@2e81c5aa, org.springframework.boot.test.autoconfigure.web.client.MockRestServiceServerResetTestExecutionListener@10504ffe, org.springframework.boot.test.autoconfigure.web.servlet.MockMvcPrintOnlyOnFailureTestExecutionListener@1cb74c39, org.springframework.boot.test.autoconfigure.web.servlet.WebDriverTestExecutionListener@2e4279ff, org.springframework.boot.test.mock.mockito.ResetMocksTestExecutionListener@ece4508]
00:10:14.007 [Test worker] DEBUG org.springframework.test.annotation.ProfileValueUtils - Retrieved @ProfileValueSourceConfiguration [null] for test class [com.myeonghun.project.springboot.web.HelloControllerTest]
00:10:14.008 [Test worker] DEBUG org.springframework.test.annotation.ProfileValueUtils - Retrieved ProfileValueSource type [class org.springframework.test.annotation.SystemProfileValueSource] for class [com.myeonghun.project.springboot.web.HelloControllerTest]
00:10:14.009 [Test worker] DEBUG org.springframework.test.annotation.ProfileValueUtils - Retrieved @ProfileValueSourceConfiguration [null] for test class [com.myeonghun.project.springboot.web.HelloControllerTest]
00:10:14.009 [Test worker] DEBUG org.springframework.test.annotation.ProfileValueUtils - Retrieved ProfileValueSource type [class org.springframework.test.annotation.SystemProfileValueSource] for class [com.myeonghun.project.springboot.web.HelloControllerTest]
00:10:14.015 [Test worker] DEBUG org.springframework.test.context.support.AbstractDirtiesContextTestExecutionListener - Before test class: context [DefaultTestContext@517687a7 testClass = HelloControllerTest, testInstance = [null], testMethod = [null], testException = [null], mergedContextConfiguration = [WebMergedContextConfiguration@762e5001 testClass = HelloControllerTest, locations = '{}', classes = '{class com.myeonghun.project.springboot.Application}', contextInitializerClasses = '[]', activeProfiles = '{}', propertySourceLocations = '{}', propertySourceProperties = '{org.springframework.boot.test.autoconfigure.web.servlet.WebMvcTestContextBootstrapper=true}', contextCustomizers = set[org.springframework.boot.test.autoconfigure.OverrideAutoConfigurationContextCustomizerFactory$DisableAutoConfigurationContextCustomizer@5c21c056, org.springframework.boot.test.autoconfigure.filter.TypeExcludeFiltersContextCustomizer@a23b7667, org.springframework.boot.test.autoconfigure.properties.PropertyMappingContextCustomizer@de0ef9fb, org.springframework.boot.test.autoconfigure.web.servlet.WebDriverContextCustomizerFactory$Customizer@25f25d69, [ImportsContextCustomizer@3255c8a9 key = [org.springframework.boot.autoconfigure.cache.CacheAutoConfiguration, org.springframework.boot.autoconfigure.context.MessageSourceAutoConfiguration, org.springframework.boot.autoconfigure.data.web.SpringDataWebAutoConfiguration, org.springframework.boot.autoconfigure.freemarker.FreeMarkerAutoConfiguration, org.springframework.boot.autoconfigure.groovy.template.GroovyTemplateAutoConfiguration, org.springframework.boot.autoconfigure.gson.GsonAutoConfiguration, org.springframework.boot.autoconfigure.hateoas.HypermediaAutoConfiguration, org.springframework.boot.autoconfigure.http.HttpMessageConvertersAutoConfiguration, org.springframework.boot.autoconfigure.jackson.JacksonAutoConfiguration, org.springframework.boot.autoconfigure.jsonb.JsonbAutoConfiguration, org.springframework.boot.autoconfigure.mustache.MustacheAutoConfiguration, org.springframework.boot.autoconfigure.task.TaskExecutionAutoConfiguration, org.springframework.boot.autoconfigure.thymeleaf.ThymeleafAutoConfiguration, org.springframework.boot.autoconfigure.validation.ValidationAutoConfiguration, org.springframework.boot.autoconfigure.web.servlet.error.ErrorMvcAutoConfiguration, org.springframework.boot.autoconfigure.web.servlet.WebMvcAutoConfiguration, org.springframework.boot.test.autoconfigure.web.servlet.MockMvcAutoConfiguration, org.springframework.boot.test.autoconfigure.web.servlet.MockMvcSecurityAutoConfiguration, org.springframework.boot.test.autoconfigure.web.servlet.MockMvcWebClientAutoConfiguration, org.springframework.boot.test.autoconfigure.web.servlet.MockMvcWebDriverAutoConfiguration]], org.springframework.boot.test.context.filter.ExcludeFilterContextCustomizer@a00904f, org.springframework.boot.test.json.DuplicateJsonObjectContextCustomizerFactory$DuplicateJsonObjectContextCustomizer@55e7762, org.springframework.boot.test.mock.mockito.MockitoContextCustomizer@0], resourceBasePath = 'src/main/webapp', contextLoader = 'org.springframework.boot.test.context.SpringBootContextLoader', parent = [null]], attributes = map[[empty]]], class annotated with @DirtiesContext [false] with mode [null].
00:10:14.015 [Test worker] DEBUG org.springframework.test.annotation.ProfileValueUtils - Retrieved @ProfileValueSourceConfiguration [null] for test class [com.myeonghun.project.springboot.web.HelloControllerTest]
00:10:14.016 [Test worker] DEBUG org.springframework.test.annotation.ProfileValueUtils - Retrieved ProfileValueSource type [class org.springframework.test.annotation.SystemProfileValueSource] for class [com.myeonghun.project.springboot.web.HelloControllerTest]
00:10:14.020 [Test worker] DEBUG org.springframework.test.context.support.DependencyInjectionTestExecutionListener - Performing dependency injection for test context [[DefaultTestContext@517687a7 testClass = HelloControllerTest, testInstance = com.myeonghun.project.springboot.web.HelloControllerTest@4f63e9c0, testMethod = [null], testException = [null], mergedContextConfiguration = [WebMergedContextConfiguration@762e5001 testClass = HelloControllerTest, locations = '{}', classes = '{class com.myeonghun.project.springboot.Application}', contextInitializerClasses = '[]', activeProfiles = '{}', propertySourceLocations = '{}', propertySourceProperties = '{org.springframework.boot.test.autoconfigure.web.servlet.WebMvcTestContextBootstrapper=true}', contextCustomizers = set[org.springframework.boot.test.autoconfigure.OverrideAutoConfigurationContextCustomizerFactory$DisableAutoConfigurationContextCustomizer@5c21c056, org.springframework.boot.test.autoconfigure.filter.TypeExcludeFiltersContextCustomizer@a23b7667, org.springframework.boot.test.autoconfigure.properties.PropertyMappingContextCustomizer@de0ef9fb, org.springframework.boot.test.autoconfigure.web.servlet.WebDriverContextCustomizerFactory$Customizer@25f25d69, [ImportsContextCustomizer@3255c8a9 key = [org.springframework.boot.autoconfigure.cache.CacheAutoConfiguration, org.springframework.boot.autoconfigure.context.MessageSourceAutoConfiguration, org.springframework.boot.autoconfigure.data.web.SpringDataWebAutoConfiguration, org.springframework.boot.autoconfigure.freemarker.FreeMarkerAutoConfiguration, org.springframework.boot.autoconfigure.groovy.template.GroovyTemplateAutoConfiguration, org.springframework.boot.autoconfigure.gson.GsonAutoConfiguration, org.springframework.boot.autoconfigure.hateoas.HypermediaAutoConfiguration, org.springframework.boot.autoconfigure.http.HttpMessageConvertersAutoConfiguration, org.springframework.boot.autoconfigure.jackson.JacksonAutoConfiguration, org.springframework.boot.autoconfigure.jsonb.JsonbAutoConfiguration, org.springframework.boot.autoconfigure.mustache.MustacheAutoConfiguration, org.springframework.boot.autoconfigure.task.TaskExecutionAutoConfiguration, org.springframework.boot.autoconfigure.thymeleaf.ThymeleafAutoConfiguration, org.springframework.boot.autoconfigure.validation.ValidationAutoConfiguration, org.springframework.boot.autoconfigure.web.servlet.error.ErrorMvcAutoConfiguration, org.springframework.boot.autoconfigure.web.servlet.WebMvcAutoConfiguration, org.springframework.boot.test.autoconfigure.web.servlet.MockMvcAutoConfiguration, org.springframework.boot.test.autoconfigure.web.servlet.MockMvcSecurityAutoConfiguration, org.springframework.boot.test.autoconfigure.web.servlet.MockMvcWebClientAutoConfiguration, org.springframework.boot.test.autoconfigure.web.servlet.MockMvcWebDriverAutoConfiguration]], org.springframework.boot.test.context.filter.ExcludeFilterContextCustomizer@a00904f, org.springframework.boot.test.json.DuplicateJsonObjectContextCustomizerFactory$DuplicateJsonObjectContextCustomizer@55e7762, org.springframework.boot.test.mock.mockito.MockitoContextCustomizer@0], resourceBasePath = 'src/main/webapp', contextLoader = 'org.springframework.boot.test.context.SpringBootContextLoader', parent = [null]], attributes = map[[empty]]]].
00:10:14.133 [Test worker] DEBUG org.springframework.test.context.support.TestPropertySourceUtils - Adding inlined properties to environment: {spring.jmx.enabled=false, org.springframework.boot.test.autoconfigure.web.servlet.WebMvcTestContextBootstrapper=true, server.port=-1}

  .   ____          _            __ _ _
 /\\ / ___'_ __ _ _(_)_ __  __ _ \ \ \ \
( ( )\___ | '_ | '_| | '_ \/ _` | \ \ \ \
 \\/  ___)| |_)| | | | | || (_| |  ) ) ) )
  '  |____| .__|_| |_|_| |_\__, | / / / /
 =========|_|==============|___/=/_/_/_/
 :: Spring Boot ::        (v2.1.7.RELEASE)

2021-01-27 00:10:14.410  INFO 40164 --- [    Test worker] c.m.p.s.web.HelloControllerTest          : Starting HelloControllerTest on DESKTOP-FF1VHSH with PID 40164 (started by terry in C:\Users\terry\IdeaProjects\aws.sample.project)
2021-01-27 00:10:14.413  INFO 40164 --- [    Test worker] c.m.p.s.web.HelloControllerTest          : No active profile set, falling back to default profiles: default
2021-01-27 00:10:15.701  INFO 40164 --- [    Test worker] o.s.s.concurrent.ThreadPoolTaskExecutor  : Initializing ExecutorService 'applicationTaskExecutor'
2021-01-27 00:10:15.797  INFO 40164 --- [    Test worker] o.s.b.a.w.s.WelcomePageHandlerMapping    : Adding welcome page template: index
2021-01-27 00:10:16.113  INFO 40164 --- [    Test worker] .s.s.UserDetailsServiceAutoConfiguration : 

Using generated security password: ef187626-8721-4e31-ae5e-cfd02624cb08

2021-01-27 00:10:16.360  INFO 40164 --- [    Test worker] o.s.s.web.DefaultSecurityFilterChain     : Creating filter chain: any request, [org.springframework.security.web.context.request.async.WebAsyncManagerIntegrationFilter@13e65324, org.springframework.security.web.context.SecurityContextPersistenceFilter@6b0127ff, org.springframework.security.web.header.HeaderWriterFilter@3a69230b, org.springframework.security.web.csrf.CsrfFilter@1f880dff, org.springframework.security.web.authentication.logout.LogoutFilter@38035cfa, org.springframework.security.web.authentication.UsernamePasswordAuthenticationFilter@6ab6f35a, org.springframework.security.web.authentication.ui.DefaultLoginPageGeneratingFilter@35256ed6, org.springframework.security.web.authentication.ui.DefaultLogoutPageGeneratingFilter@14d1f694, org.springframework.security.web.authentication.www.BasicAuthenticationFilter@29d4f7c2, org.springframework.security.web.savedrequest.RequestCacheAwareFilter@4091d854, org.springframework.security.web.servletapi.SecurityContextHolderAwareRequestFilter@a4367a3, org.springframework.security.web.authentication.AnonymousAuthenticationFilter@39304cad, org.springframework.security.web.session.SessionManagementFilter@5d6e7604, org.springframework.security.web.access.ExceptionTranslationFilter@2d68938f, org.springframework.security.web.access.intercept.FilterSecurityInterceptor@2eae5623]
2021-01-27 00:10:16.401  INFO 40164 --- [    Test worker] o.s.b.t.m.w.SpringBootMockServletContext : Initializing Spring TestDispatcherServlet ''
2021-01-27 00:10:16.402  INFO 40164 --- [    Test worker] o.s.t.web.servlet.TestDispatcherServlet  : Initializing Servlet ''
2021-01-27 00:10:16.413  INFO 40164 --- [    Test worker] o.s.t.web.servlet.TestDispatcherServlet  : Completed initialization in 11 ms
2021-01-27 00:10:16.454  INFO 40164 --- [    Test worker] c.m.p.s.web.HelloControllerTest          : Started HelloControllerTest in 2.312 seconds (JVM running for 3.399)
]]></system-out>
  <system-err><![CDATA[]]></system-err>
</testsuite>
