<?xml version="1.0" encoding="UTF-8"?>
<testsuite name="com.myeonghun.project.springboot.domain.posts.PostsRepositoryTest" tests="1" skipped="0" failures="0" errors="0" timestamp="2020-10-09T07:23:20" hostname="DT-TERRY" time="1.397">
  <properties/>
  <testcase name="게시글저장_불러오기" classname="com.myeonghun.project.springboot.domain.posts.PostsRepositoryTest" time="1.397"/>
  <system-out><![CDATA[16:23:05.222 [Test worker] DEBUG org.springframework.test.context.junit4.SpringJUnit4ClassRunner - SpringJUnit4ClassRunner constructor called with [class com.myeonghun.project.springboot.domain.posts.PostsRepositoryTest]
16:23:05.263 [Test worker] DEBUG org.springframework.test.context.BootstrapUtils - Instantiating CacheAwareContextLoaderDelegate from class [org.springframework.test.context.cache.DefaultCacheAwareContextLoaderDelegate]
16:23:05.308 [Test worker] DEBUG org.springframework.test.context.BootstrapUtils - Instantiating BootstrapContext using constructor [public org.springframework.test.context.support.DefaultBootstrapContext(java.lang.Class,org.springframework.test.context.CacheAwareContextLoaderDelegate)]
16:23:05.365 [Test worker] DEBUG org.springframework.test.context.BootstrapUtils - Instantiating TestContextBootstrapper for test class [com.myeonghun.project.springboot.domain.posts.PostsRepositoryTest] from class [org.springframework.boot.test.context.SpringBootTestContextBootstrapper]
16:23:05.411 [Test worker] INFO org.springframework.boot.test.context.SpringBootTestContextBootstrapper - Neither @ContextConfiguration nor @ContextHierarchy found for test class [com.myeonghun.project.springboot.domain.posts.PostsRepositoryTest], using SpringBootContextLoader
16:23:05.422 [Test worker] DEBUG org.springframework.test.context.support.AbstractContextLoader - Did not detect default resource location for test class [com.myeonghun.project.springboot.domain.posts.PostsRepositoryTest]: class path resource [com/myeonghun/project/springboot/domain/posts/PostsRepositoryTest-context.xml] does not exist
16:23:05.423 [Test worker] DEBUG org.springframework.test.context.support.AbstractContextLoader - Did not detect default resource location for test class [com.myeonghun.project.springboot.domain.posts.PostsRepositoryTest]: class path resource [com/myeonghun/project/springboot/domain/posts/PostsRepositoryTestContext.groovy] does not exist
16:23:05.424 [Test worker] INFO org.springframework.test.context.support.AbstractContextLoader - Could not detect default resource locations for test class [com.myeonghun.project.springboot.domain.posts.PostsRepositoryTest]: no resource found for suffixes {-context.xml, Context.groovy}.
16:23:05.426 [Test worker] INFO org.springframework.test.context.support.AnnotationConfigContextLoaderUtils - Could not detect default configuration classes for test class [com.myeonghun.project.springboot.domain.posts.PostsRepositoryTest]: PostsRepositoryTest does not declare any static, non-private, non-final, nested classes annotated with @Configuration.
16:23:05.597 [Test worker] DEBUG org.springframework.test.context.support.ActiveProfilesUtils - Could not find an 'annotation declaring class' for annotation type [org.springframework.test.context.ActiveProfiles] and class [com.myeonghun.project.springboot.domain.posts.PostsRepositoryTest]
16:23:05.834 [Test worker] DEBUG org.springframework.context.annotation.ClassPathScanningCandidateComponentProvider - Identified candidate component class: file [C:\Users\terry\IdeaProjects\myeonghun.sample.project\build\classes\java\main\com\myeonghun\project\springboot\Application.class]
16:23:05.838 [Test worker] INFO org.springframework.boot.test.context.SpringBootTestContextBootstrapper - Found @SpringBootConfiguration com.myeonghun.project.springboot.Application for test class com.myeonghun.project.springboot.domain.posts.PostsRepositoryTest
16:23:06.117 [Test worker] DEBUG org.springframework.boot.test.context.SpringBootTestContextBootstrapper - @TestExecutionListeners is not present for class [com.myeonghun.project.springboot.domain.posts.PostsRepositoryTest]: using defaults.
16:23:06.118 [Test worker] INFO org.springframework.boot.test.context.SpringBootTestContextBootstrapper - Loaded default TestExecutionListener class names from location [META-INF/spring.factories]: [org.springframework.boot.test.autoconfigure.restdocs.RestDocsTestExecutionListener, org.springframework.boot.test.autoconfigure.web.client.MockRestServiceServerResetTestExecutionListener, org.springframework.boot.test.autoconfigure.web.servlet.MockMvcPrintOnlyOnFailureTestExecutionListener, org.springframework.boot.test.autoconfigure.web.servlet.WebDriverTestExecutionListener, org.springframework.boot.test.mock.mockito.MockitoTestExecutionListener, org.springframework.boot.test.mock.mockito.ResetMocksTestExecutionListener, org.springframework.test.context.web.ServletTestExecutionListener, org.springframework.test.context.support.DirtiesContextBeforeModesTestExecutionListener, org.springframework.test.context.support.DependencyInjectionTestExecutionListener, org.springframework.test.context.support.DirtiesContextTestExecutionListener, org.springframework.test.context.transaction.TransactionalTestExecutionListener, org.springframework.test.context.jdbc.SqlScriptsTestExecutionListener]
16:23:06.184 [Test worker] INFO org.springframework.boot.test.context.SpringBootTestContextBootstrapper - Using TestExecutionListeners: [org.springframework.test.context.web.ServletTestExecutionListener@1df487f6, org.springframework.test.context.support.DirtiesContextBeforeModesTestExecutionListener@4ae9287a, org.springframework.boot.test.mock.mockito.MockitoTestExecutionListener@594abd6e, org.springframework.boot.test.autoconfigure.SpringBootDependencyInjectionTestExecutionListener@25ecb50b, org.springframework.test.context.support.DirtiesContextTestExecutionListener@1c1e5d77, org.springframework.test.context.transaction.TransactionalTestExecutionListener@1f371c76, org.springframework.test.context.jdbc.SqlScriptsTestExecutionListener@131a7333, org.springframework.boot.test.autoconfigure.restdocs.RestDocsTestExecutionListener@539ec8b6, org.springframework.boot.test.autoconfigure.web.client.MockRestServiceServerResetTestExecutionListener@3d05d257, org.springframework.boot.test.autoconfigure.web.servlet.MockMvcPrintOnlyOnFailureTestExecutionListener@1a76ad2d, org.springframework.boot.test.autoconfigure.web.servlet.WebDriverTestExecutionListener@5ab5d6bb, org.springframework.boot.test.mock.mockito.ResetMocksTestExecutionListener@7fcb6e23]
16:23:06.193 [Test worker] DEBUG org.springframework.test.annotation.ProfileValueUtils - Retrieved @ProfileValueSourceConfiguration [null] for test class [com.myeonghun.project.springboot.domain.posts.PostsRepositoryTest]
16:23:06.195 [Test worker] DEBUG org.springframework.test.annotation.ProfileValueUtils - Retrieved ProfileValueSource type [class org.springframework.test.annotation.SystemProfileValueSource] for class [com.myeonghun.project.springboot.domain.posts.PostsRepositoryTest]
16:23:06.204 [Test worker] DEBUG org.springframework.test.annotation.ProfileValueUtils - Retrieved @ProfileValueSourceConfiguration [null] for test class [com.myeonghun.project.springboot.domain.posts.PostsRepositoryTest]
16:23:06.205 [Test worker] DEBUG org.springframework.test.annotation.ProfileValueUtils - Retrieved ProfileValueSource type [class org.springframework.test.annotation.SystemProfileValueSource] for class [com.myeonghun.project.springboot.domain.posts.PostsRepositoryTest]
16:23:06.208 [Test worker] DEBUG org.springframework.test.annotation.ProfileValueUtils - Retrieved @ProfileValueSourceConfiguration [null] for test class [com.myeonghun.project.springboot.domain.posts.PostsRepositoryTest]
16:23:06.208 [Test worker] DEBUG org.springframework.test.annotation.ProfileValueUtils - Retrieved ProfileValueSource type [class org.springframework.test.annotation.SystemProfileValueSource] for class [com.myeonghun.project.springboot.domain.posts.PostsRepositoryTest]
16:23:06.223 [Test worker] DEBUG org.springframework.test.context.support.AbstractDirtiesContextTestExecutionListener - Before test class: context [DefaultTestContext@18a40714 testClass = PostsRepositoryTest, testInstance = [null], testMethod = [null], testException = [null], mergedContextConfiguration = [WebMergedContextConfiguration@155f602a testClass = PostsRepositoryTest, locations = '{}', classes = '{class com.myeonghun.project.springboot.Application}', contextInitializerClasses = '[]', activeProfiles = '{}', propertySourceLocations = '{}', propertySourceProperties = '{org.springframework.boot.test.context.SpringBootTestContextBootstrapper=true}', contextCustomizers = set[org.springframework.boot.test.autoconfigure.properties.PropertyMappingContextCustomizer@0, org.springframework.boot.test.autoconfigure.web.servlet.WebDriverContextCustomizerFactory$Customizer@54b1755a, org.springframework.boot.test.context.filter.ExcludeFilterContextCustomizer@42749c43, org.springframework.boot.test.json.DuplicateJsonObjectContextCustomizerFactory$DuplicateJsonObjectContextCustomizer@a852c21, org.springframework.boot.test.mock.mockito.MockitoContextCustomizer@0, org.springframework.boot.test.web.client.TestRestTemplateContextCustomizer@5e7c028c], resourceBasePath = 'src/main/webapp', contextLoader = 'org.springframework.boot.test.context.SpringBootContextLoader', parent = [null]], attributes = map['org.springframework.test.context.web.ServletTestExecutionListener.activateListener' -> true]], class annotated with @DirtiesContext [false] with mode [null].
16:23:06.225 [Test worker] DEBUG org.springframework.test.annotation.ProfileValueUtils - Retrieved @ProfileValueSourceConfiguration [null] for test class [com.myeonghun.project.springboot.domain.posts.PostsRepositoryTest]
16:23:06.226 [Test worker] DEBUG org.springframework.test.annotation.ProfileValueUtils - Retrieved ProfileValueSource type [class org.springframework.test.annotation.SystemProfileValueSource] for class [com.myeonghun.project.springboot.domain.posts.PostsRepositoryTest]
16:23:06.292 [Test worker] DEBUG org.springframework.test.context.support.TestPropertySourceUtils - Adding inlined properties to environment: {spring.jmx.enabled=false, org.springframework.boot.test.context.SpringBootTestContextBootstrapper=true, server.port=-1}

  .   ____          _            __ _ _
 /\\ / ___'_ __ _ _(_)_ __  __ _ \ \ \ \
( ( )\___ | '_ | '_| | '_ \/ _` | \ \ \ \
 \\/  ___)| |_)| | | | | || (_| |  ) ) ) )
  '  |____| .__|_| |_|_| |_\__, | / / / /
 =========|_|==============|___/=/_/_/_/
 :: Spring Boot ::        (v2.1.7.RELEASE)

2020-10-09 16:23:07.263  INFO 14244 --- [    Test worker] c.m.p.s.d.posts.PostsRepositoryTest      : Starting PostsRepositoryTest on DT-TERRY with PID 14244 (started by terry in C:\Users\terry\IdeaProjects\myeonghun.sample.project)
2020-10-09 16:23:07.267  INFO 14244 --- [    Test worker] c.m.p.s.d.posts.PostsRepositoryTest      : No active profile set, falling back to default profiles: default
2020-10-09 16:23:10.011  INFO 14244 --- [    Test worker] .s.d.r.c.RepositoryConfigurationDelegate : Bootstrapping Spring Data repositories in DEFAULT mode.
2020-10-09 16:23:10.223  INFO 14244 --- [    Test worker] .s.d.r.c.RepositoryConfigurationDelegate : Finished Spring Data repository scanning in 185ms. Found 1 repository interfaces.
2020-10-09 16:23:11.197  INFO 14244 --- [    Test worker] trationDelegate$BeanPostProcessorChecker : Bean 'org.springframework.transaction.annotation.ProxyTransactionManagementConfiguration' of type [org.springframework.transaction.annotation.ProxyTransactionManagementConfiguration$$EnhancerBySpringCGLIB$$32dadaec] is not eligible for getting processed by all BeanPostProcessors (for example: not eligible for auto-proxying)
2020-10-09 16:23:11.798  INFO 14244 --- [    Test worker] com.zaxxer.hikari.HikariDataSource       : HikariPool-1 - Starting...
2020-10-09 16:23:12.374  INFO 14244 --- [    Test worker] com.zaxxer.hikari.HikariDataSource       : HikariPool-1 - Start completed.
2020-10-09 16:23:12.705  INFO 14244 --- [    Test worker] o.hibernate.jpa.internal.util.LogHelper  : HHH000204: Processing PersistenceUnitInfo [
	name: default
	...]
2020-10-09 16:23:12.944  INFO 14244 --- [    Test worker] org.hibernate.Version                    : HHH000412: Hibernate Core {5.3.10.Final}
2020-10-09 16:23:12.951  INFO 14244 --- [    Test worker] org.hibernate.cfg.Environment            : HHH000206: hibernate.properties not found
2020-10-09 16:23:13.495  INFO 14244 --- [    Test worker] o.hibernate.annotations.common.Version   : HCANN000001: Hibernate Commons Annotations {5.0.4.Final}
2020-10-09 16:23:14.061  INFO 14244 --- [    Test worker] org.hibernate.dialect.Dialect            : HHH000400: Using dialect: org.hibernate.dialect.H2Dialect
2020-10-09 16:23:16.057  INFO 14244 --- [    Test worker] o.h.t.schema.internal.SchemaCreatorImpl  : HHH000476: Executing import script 'org.hibernate.tool.schema.internal.exec.ScriptSourceInputNonExistentImpl@3d7c4591'
2020-10-09 16:23:16.068  INFO 14244 --- [    Test worker] j.LocalContainerEntityManagerFactoryBean : Initialized JPA EntityManagerFactory for persistence unit 'default'
2020-10-09 16:23:19.120  INFO 14244 --- [    Test worker] o.s.s.concurrent.ThreadPoolTaskExecutor  : Initializing ExecutorService 'applicationTaskExecutor'
2020-10-09 16:23:19.312  WARN 14244 --- [    Test worker] aWebConfiguration$JpaWebMvcConfiguration : spring.jpa.open-in-view is enabled by default. Therefore, database queries may be performed during view rendering. Explicitly configure spring.jpa.open-in-view to disable this warning
2020-10-09 16:23:20.716  INFO 14244 --- [    Test worker] c.m.p.s.d.posts.PostsRepositoryTest      : Started PostsRepositoryTest in 14.399 seconds (JVM running for 18.708)
2020-10-09 16:23:21.676  INFO 14244 --- [    Test worker] o.h.h.i.QueryTranslatorFactoryInitiator  : HHH000397: Using ASTQueryTranslatorFactory
]]></system-out>
  <system-err><![CDATA[]]></system-err>
</testsuite>
